<?xml version="1.0" encoding="UTF-8"?>
<testsuite xmlns:xsi="http://www.w3.org/2001/XMLSchema-instance" xsi:noNamespaceSchemaLocation="https://maven.apache.org/surefire/maven-surefire-plugin/xsd/surefire-test-report-3.0.xsd" version="3.0" name="com.adil.nsealerts.DocumentFetcherTest" time="1.534" tests="5" errors="0" skipped="0" failures="0">
  <properties>
[...]
</properties>
  <testcase name="normalizeUrlAddsHttpsForProtocolRelativeLinks" classname="com.adil.nsealerts.DocumentFetcherTest" time="0.507"/>
  <testcase name="fetchTextReturnsEmptyForBlankUrl" classname="com.adil.nsealerts.DocumentFetcherTest" time="0.033"/>
  <testcase name="fetchTextReturnsPdfTextWhenPdfUrl" classname="com.adil.nsealerts.DocumentFetcherTest" time="0.862">
    <system-out><![CDATA[15:58:35.990 [main] WARN org.apache.pdfbox.pdmodel.font.PDType1Font -- Using fallback font LiberationSans for base font Times-Roman
15:58:36.003 [main] WARN org.apache.pdfbox.pdmodel.font.PDType1Font -- Using fallback font LiberationSans for base font Times-Bold
15:58:36.014 [main] WARN org.apache.pdfbox.pdmodel.font.PDType1Font -- Using fallback font LiberationSans for base font Times-Italic
15:58:36.026 [main] WARN org.apache.pdfbox.pdmodel.font.PDType1Font -- Using fallback font LiberationSans for base font Times-BoldItalic
15:58:36.031 [main] WARN org.apache.pdfbox.pdmodel.font.PDType1Font -- Using fallback font LiberationSans for base font Helvetica
15:58:36.039 [main] WARN org.apache.pdfbox.pdmodel.font.PDType1Font -- Using fallback font LiberationSans for base font Helvetica-Bold
15:58:36.043 [main] WARN org.apache.pdfbox.pdmodel.font.PDType1Font -- Using fallback font LiberationSans for base font Helvetica-Oblique
15:58:36.050 [main] WARN org.apache.pdfbox.pdmodel.font.PDType1Font -- Using fallback font LiberationSans for base font Helvetica-BoldOblique
15:58:36.055 [main] WARN org.apache.pdfbox.pdmodel.font.PDType1Font -- Using fallback font LiberationSans for base font Courier
15:58:36.059 [main] WARN org.apache.pdfbox.pdmodel.font.PDType1Font -- Using fallback font LiberationSans for base font Courier-Bold
15:58:36.063 [main] WARN org.apache.pdfbox.pdmodel.font.PDType1Font -- Using fallback font LiberationSans for base font Courier-Oblique
15:58:36.069 [main] WARN org.apache.pdfbox.pdmodel.font.PDType1Font -- Using fallback font LiberationSans for base font Courier-BoldOblique
15:58:36.072 [main] WARN org.apache.pdfbox.pdmodel.font.PDType1Font -- Using fallback font LiberationSans for base font Symbol
15:58:36.075 [main] WARN org.apache.pdfbox.pdmodel.font.PDType1Font -- Using fallback font LiberationSans for base font ZapfDingbats
15:58:36.164 [main] WARN org.apache.pdfbox.pdmodel.font.PDType1Font -- Using fallback font LiberationSans for Helvetica-Bold
]]></system-out>
  </testcase>
  <testcase name="extractTextFromHtmlRemovesScriptsStylesAndNavigation" classname="com.adil.nsealerts.DocumentFetcherTest" time="0.095"/>
  <testcase name="findPdfLinkExtractsPdfUrlFromHtml" classname="com.adil.nsealerts.DocumentFetcherTest" time="0.011"/>
</testsuite>